[2021-10-14 11:18:44] local.ERROR: View [general.show_post] not found. {"exception":"[object] (InvalidArgumentException(code: 0): View [general.show_post] not found. at F:\\Program Files\\Xampp Server\\htdocs\\Php-Files\\DeepNeuralNets Blog\\Blog\\vendor\\laravel\\framework\\src\\Illuminate\\View\\FileViewFinder.php:137)
[stacktrace]
#0 F:\\Program Files\\Xampp Server\\htdocs\\Php-Files\\DeepNeuralNets Blog\\Blog\\vendor\\laravel\\framework\\src\\Illuminate\\View\\FileViewFinder.php(79): Illuminate\\View\\FileViewFinder->findInPaths('general.show_po...', Array)
#1 F:\\Program Files\\Xampp Server\\htdocs\\Php-Files\\DeepNeuralNets Blog\\Blog\\vendor\\laravel\\framework\\src\\Illuminate\\View\\Factory.php(138): Illuminate\\View\\FileViewFinder->find('general.show_po...')
#2 F:\\Program Files\\Xampp Server\\htdocs\\Php-Files\\DeepNeuralNets Blog\\Blog\\vendor\\laravel\\framework\\src\\Illuminate\\Foundation\\helpers.php(919): Illuminate\\View\\Factory->make('general.show_po...', Array, Array)
#3 F:\\Program Files\\Xampp Server\\htdocs\\Php-Files\\DeepNeuralNets Blog\\Blog\\app\\Http\\Controllers\\PostController.php(83): view('general/show_po...', Array)
#4 F:\\Program Files\\Xampp Server\\htdocs\\Php-Files\\DeepNeuralNets Blog\\Blog\\vendor\\laravel\\framework\\src\\Illuminate\\Routing\\Controller.php(54): App\\Http\\Controllers\\PostController->show(Object(App\\Models\\Post))
#5 F:\\Program Files\\Xampp Server\\htdocs\\Php-Files\\DeepNeuralNets Blog\\Blog\\vendor\\laravel\\framework\\src\\Illuminate\\Routing\\ControllerDispatcher.php(45): Illuminate\\Routing\\Controller->callAction('show', Array)
#6 F:\\Program Files\\Xampp Server\\htdocs\\Php-Files\\DeepNeuralNets Blog\\Blog\\vendor\\laravel\\framework\\src\\Illuminate\\Routing\\Route.php(254): Illuminate\\Routing\\ControllerDispatcher->dispatch(Object(Illuminate\\Routing\\Route), Object(App\\Http\\Controllers\\PostController), 'show')
#7 F:\\Program Files\\Xampp Server\\htdocs\\Php-Files\\DeepNeuralNets Blog\\Blog\\vendor\\laravel\\framework\\src\\Illuminate\\Routing\\Route.php(197): Illuminate\\Routing\\Route->runController()
#8 F:\\Program Files\\Xampp Server\\htdocs\\Php-Files\\DeepNeuralNets Blog\\Blog\\vendor\\laravel\\framework\\src\\Illuminate\\Routing\\Router.php(695): Illuminate\\Routing\\Route->run()
#9 F:\\Program Files\\Xampp Server\\htdocs\\Php-Files\\DeepNeuralNets Blog\\Blog\\vendor\\laravel\\framework\\src\\Illuminate\\Pipeline\\Pipeline.php(128): Illuminate\\Routing\\Router->Illuminate\\Routing\\{closure}(Object(Illuminate\\Http\\Request))
#10 F:\\Program Files\\Xampp Server\\htdocs\\Php-Files\\DeepNeuralNets Blog\\Blog\\vendor\\laravel\\framework\\src\\Illuminate\\Routing\\Middleware\\SubstituteBindings.php(50): Illuminate\\Pipeline\\Pipeline->Illuminate\\Pipeline\\{closure}(Object(Illuminate\\Http\\Request))
#11 F:\\Program Files\\Xampp Server\\htdocs\\Php-Files\\DeepNeuralNets Blog\\Blog\\vendor\\laravel\\framework\\src\\Illuminate\\Pipeline\\Pipeline.php(167): Illuminate\\Routing\\Middleware\\SubstituteBindings->handle(Object(Illuminate\\Http\\Request), Object(Closure))
#12 F:\\Program Files\\Xampp Server\\htdocs\\Php-Files\\DeepNeuralNets Blog\\Blog\\vendor\\laravel\\framework\\src\\Illuminate\\Foundation\\Http\\Middleware\\VerifyCsrfToken.php(78): Illuminate\\Pipeline\\Pipeline->Illuminate\\Pipeline\\{closure}(Object(Illuminate\\Http\\Request))
#13 F:\\Program Files\\Xampp Server\\htdocs\\Php-Files\\DeepNeuralNets Blog\\Blog\\vendor\\laravel\\framework\\src\\Illuminate\\Pipeline\\Pipeline.php(167): Illuminate\\Foundation\\Http\\Middleware\\VerifyCsrfToken->handle(Object(Illuminate\\Http\\Request), Object(Closure))
#14 F:\\Program Files\\Xampp Server\\htdocs\\Php-Files\\DeepNeuralNets Blog\\Blog\\vendor\\laravel\\framework\\src\\Illuminate\\View\\Middleware\\ShareErrorsFromSession.php(49): Illuminate\\Pipeline\\Pipeline->Illuminate\\Pipeline\\{closure}(Object(Illuminate\\Http\\Request))
#15 F:\\Program Files\\Xampp Server\\htdocs\\Php-Files\\DeepNeuralNets Blog\\Blog\\vendor\\laravel\\framework\\src\\Illuminate\\Pipeline\\Pipeline.php(167): Illuminate\\View\\Middleware\\ShareErrorsFromSession->handle(Object(Illuminate\\Http\\Request), Object(Closure))
#16 F:\\Program Files\\Xampp Server\\htdocs\\Php-Files\\DeepNeuralNets Blog\\Blog\\vendor\\laravel\\framework\\src\\Illuminate\\Session\\Middleware\\AuthenticateSession.php(39): Illuminate\\Pipeline\\Pipeline->Illuminate\\Pipeline\\{closure}(Object(Illuminate\\Http\\Request))
#17 F:\\Program Files\\Xampp Server\\htdocs\\Php-Files\\DeepNeuralNets Blog\\Blog\\vendor\\laravel\\framework\\src\\Illuminate\\Pipeline\\Pipeline.php(167): Illuminate\\Session\\Middleware\\AuthenticateSession->handle(Object(Illuminate\\Http\\Request), Object(Closure))
#18 F:\\Program Files\\Xampp Server\\htdocs\\Php-Files\\DeepNeuralNets Blog\\Blog\\vendor\\laravel\\framework\\src\\Illuminate\\Session\\Middleware\\StartSession.php(121): Illuminate\\Pipeline\\Pipeline->Illuminate\\Pipeline\\{closure}(Object(Illuminate\\Http\\Request))
#19 F:\\Program Files\\Xampp Server\\htdocs\\Php-Files\\DeepNeuralNets Blog\\Blog\\vendor\\laravel\\framework\\src\\Illuminate\\Session\\Middleware\\StartSession.php(64): Illuminate\\Session\\Middleware\\StartSession->handleStatefulRequest(Object(Illuminate\\Http\\Request), Object(Illuminate\\Session\\Store), Object(Closure))
#20 F:\\Program Files\\Xampp Server\\htdocs\\Php-Files\\DeepNeuralNets Blog\\Blog\\vendor\\laravel\\framework\\src\\Illuminate\\Pipeline\\Pipeline.php(167): Illuminate\\Session\\Middleware\\StartSession->handle(Object(Illuminate\\Http\\Request), Object(Closure))
#21 F:\\Program Files\\Xampp Server\\htdocs\\Php-Files\\DeepNeuralNets Blog\\Blog\\vendor\\laravel\\framework\\src\\Illuminate\\Cookie\\Middleware\\AddQueuedCookiesToResponse.php(37): Illuminate\\Pipeline\\Pipeline->Illuminate\\Pipeline\\{closure}(Object(Illuminate\\Http\\Request))
#22 F:\\Program Files\\Xampp Server\\htdocs\\Php-Files\\DeepNeuralNets Blog\\Blog\\vendor\\laravel\\framework\\src\\Illuminate\\Pipeline\\Pipeline.php(167): Illuminate\\Cookie\\Middleware\\AddQueuedCookiesToResponse->handle(Object(Illuminate\\Http\\Request), Object(Closure))
#23 F:\\Program Files\\Xampp Server\\htdocs\\Php-Files\\DeepNeuralNets Blog\\Blog\\vendor\\laravel\\framework\\src\\Illuminate\\Cookie\\Middleware\\EncryptCookies.php(67): Illuminate\\Pipeline\\Pipeline->Illuminate\\Pipeline\\{closure}(Object(Illuminate\\Http\\Request))
#24 F:\\Program Files\\Xampp Server\\htdocs\\Php-Files\\DeepNeuralNets Blog\\Blog\\vendor\\laravel\\framework\\src\\Illuminate\\Pipeline\\Pipeline.php(167): Illuminate\\Cookie\\Middleware\\EncryptCookies->handle(Object(Illuminate\\Http\\Request), Object(Closure))
#25 F:\\Program Files\\Xampp Server\\htdocs\\Php-Files\\DeepNeuralNets Blog\\Blog\\vendor\\laravel\\framework\\src\\Illuminate\\Pipeline\\Pipeline.php(103): Illuminate\\Pipeline\\Pipeline->Illuminate\\Pipeline\\{closure}(Object(Illuminate\\Http\\Request))
#26 F:\\Program Files\\Xampp Server\\htdocs\\Php-Files\\DeepNeuralNets Blog\\Blog\\vendor\\laravel\\framework\\src\\Illuminate\\Routing\\Router.php(697): Illuminate\\Pipeline\\Pipeline->then(Object(Closure))
#27 F:\\Program Files\\Xampp Server\\htdocs\\Php-Files\\DeepNeuralNets Blog\\Blog\\vendor\\laravel\\framework\\src\\Illuminate\\Routing\\Router.php(672): Illuminate\\Routing\\Router->runRouteWithinStack(Object(Illuminate\\Routing\\Route), Object(Illuminate\\Http\\Request))
#28 F:\\Program Files\\Xampp Server\\htdocs\\Php-Files\\DeepNeuralNets Blog\\Blog\\vendor\\laravel\\framework\\src\\Illuminate\\Routing\\Router.php(636): Illuminate\\Routing\\Router->runRoute(Object(Illuminate\\Http\\Request), Object(Illuminate\\Routing\\Route))
#29 F:\\Program Files\\Xampp Server\\htdocs\\Php-Files\\DeepNeuralNets Blog\\Blog\\vendor\\laravel\\framework\\src\\Illuminate\\Routing\\Router.php(625): Illuminate\\Routing\\Router->dispatchToRoute(Object(Illuminate\\Http\\Request))
#30 F:\\Program Files\\Xampp Server\\htdocs\\Php-Files\\DeepNeuralNets Blog\\Blog\\vendor\\laravel\\framework\\src\\Illuminate\\Foundation\\Http\\Kernel.php(166): Illuminate\\Routing\\Router->dispatch(Object(Illuminate\\Http\\Request))
#31 F:\\Program Files\\Xampp Server\\htdocs\\Php-Files\\DeepNeuralNets Blog\\Blog\\vendor\\laravel\\framework\\src\\Illuminate\\Pipeline\\Pipeline.php(128): Illuminate\\Foundation\\Http\\Kernel->Illuminate\\Foundation\\Http\\{closure}(Object(Illuminate\\Http\\Request))
#32 F:\\Program Files\\Xampp Server\\htdocs\\Php-Files\\DeepNeuralNets Blog\\Blog\\vendor\\laravel\\framework\\src\\Illuminate\\Foundation\\Http\\Middleware\\TransformsRequest.php(21): Illuminate\\Pipeline\\Pipeline->Illuminate\\Pipeline\\{closure}(Object(Illuminate\\Http\\Request))
#33 F:\\Program Files\\Xampp Server\\htdocs\\Php-Files\\DeepNeuralNets Blog\\Blog\\vendor\\laravel\\framework\\src\\Illuminate\\Foundation\\Http\\Middleware\\ConvertEmptyStringsToNull.php(31): Illuminate\\Foundation\\Http\\Middleware\\TransformsRequest->handle(Object(Illuminate\\Http\\Request), Object(Closure))
#34 F:\\Program Files\\Xampp Server\\htdocs\\Php-Files\\DeepNeuralNets Blog\\Blog\\vendor\\laravel\\framework\\src\\Illuminate\\Pipeline\\Pipeline.php(167): Illuminate\\Foundation\\Http\\Middleware\\ConvertEmptyStringsToNull->handle(Object(Illuminate\\Http\\Request), Object(Closure))
#35 F:\\Program Files\\Xampp Server\\htdocs\\Php-Files\\DeepNeuralNets Blog\\Blog\\vendor\\laravel\\framework\\src\\Illuminate\\Foundation\\Http\\Middleware\\TransformsRequest.php(21): Illuminate\\Pipeline\\Pipeline->Illuminate\\Pipeline\\{closure}(Object(Illuminate\\Http\\Request))
#36 F:\\Program Files\\Xampp Server\\htdocs\\Php-Files\\DeepNeuralNets Blog\\Blog\\vendor\\laravel\\framework\\src\\Illuminate\\Foundation\\Http\\Middleware\\TrimStrings.php(40): Illuminate\\Foundation\\Http\\Middleware\\TransformsRequest->handle(Object(Illuminate\\Http\\Request), Object(Closure))
#37 F:\\Program Files\\Xampp Server\\htdocs\\Php-Files\\DeepNeuralNets Blog\\Blog\\vendor\\laravel\\framework\\src\\Illuminate\\Pipeline\\Pipeline.php(167): Illuminate\\Foundation\\Http\\Middleware\\TrimStrings->handle(Object(Illuminate\\Http\\Request), Object(Closure))
#38 F:\\Program Files\\Xampp Server\\htdocs\\Php-Files\\DeepNeuralNets Blog\\Blog\\vendor\\laravel\\framework\\src\\Illuminate\\Foundation\\Http\\Middleware\\ValidatePostSize.php(27): Illuminate\\Pipeline\\Pipeline->Illuminate\\Pipeline\\{closure}(Object(Illuminate\\Http\\Request))
#39 F:\\Program Files\\Xampp Server\\htdocs\\Php-Files\\DeepNeuralNets Blog\\Blog\\vendor\\laravel\\framework\\src\\Illuminate\\Pipeline\\Pipeline.php(167): Illuminate\\Foundation\\Http\\Middleware\\ValidatePostSize->handle(Object(Illuminate\\Http\\Request), Object(Closure))
#40 F:\\Program Files\\Xampp Server\\htdocs\\Php-Files\\DeepNeuralNets Blog\\Blog\\vendor\\laravel\\framework\\src\\Illuminate\\Foundation\\Http\\Middleware\\PreventRequestsDuringMaintenance.php(86): Illuminate\\Pipeline\\Pipeline->Illuminate\\Pipeline\\{closure}(Object(Illuminate\\Http\\Request))
#41 F:\\Program Files\\Xampp Server\\htdocs\\Php-Files\\DeepNeuralNets Blog\\Blog\\vendor\\laravel\\framework\\src\\Illuminate\\Pipeline\\Pipeline.php(167): Illuminate\\Foundation\\Http\\Middleware\\PreventRequestsDuringMaintenance->handle(Object(Illuminate\\Http\\Request), Object(Closure))
#42 F:\\Program Files\\Xampp Server\\htdocs\\Php-Files\\DeepNeuralNets Blog\\Blog\\vendor\\fruitcake\\laravel-cors\\src\\HandleCors.php(38): Illuminate\\Pipeline\\Pipeline->Illuminate\\Pipeline\\{closure}(Object(Illuminate\\Http\\Request))
#43 F:\\Program Files\\Xampp Server\\htdocs\\Php-Files\\DeepNeuralNets Blog\\Blog\\vendor\\laravel\\framework\\src\\Illuminate\\Pipeline\\Pipeline.php(167): Fruitcake\\Cors\\HandleCors->handle(Object(Illuminate\\Http\\Request), Object(Closure))
#44 F:\\Program Files\\Xampp Server\\htdocs\\Php-Files\\DeepNeuralNets Blog\\Blog\\vendor\\fideloper\\proxy\\src\\TrustProxies.php(57): Illuminate\\Pipeline\\Pipeline->Illuminate\\Pipeline\\{closure}(Object(Illuminate\\Http\\Request))
#45 F:\\Program Files\\Xampp Server\\htdocs\\Php-Files\\DeepNeuralNets Blog\\Blog\\vendor\\laravel\\framework\\src\\Illuminate\\Pipeline\\Pipeline.php(167): Fideloper\\Proxy\\TrustProxies->handle(Object(Illuminate\\Http\\Request), Object(Closure))
#46 F:\\Program Files\\Xampp Server\\htdocs\\Php-Files\\DeepNeuralNets Blog\\Blog\\vendor\\laravel\\framework\\src\\Illuminate\\Pipeline\\Pipeline.php(103): Illuminate\\Pipeline\\Pipeline->Illuminate\\Pipeline\\{closure}(Object(Illuminate\\Http\\Request))
#47 F:\\Program Files\\Xampp Server\\htdocs\\Php-Files\\DeepNeuralNets Blog\\Blog\\vendor\\laravel\\framework\\src\\Illuminate\\Foundation\\Http\\Kernel.php(141): Illuminate\\Pipeline\\Pipeline->then(Object(Closure))
#48 F:\\Program Files\\Xampp Server\\htdocs\\Php-Files\\DeepNeuralNets Blog\\Blog\\vendor\\laravel\\framework\\src\\Illuminate\\Foundation\\Http\\Kernel.php(110): Illuminate\\Foundation\\Http\\Kernel->sendRequestThroughRouter(Object(Illuminate\\Http\\Request))
#49 F:\\Program Files\\Xampp Server\\htdocs\\Php-Files\\DeepNeuralNets Blog\\Blog\\public\\index.php(52): Illuminate\\Foundation\\Http\\Kernel->handle(Object(Illuminate\\Http\\Request))
#50 F:\\Program Files\\Xampp Server\\htdocs\\Php-Files\\DeepNeuralNets Blog\\Blog\\server.php(21): require_once('F:\\\\Program File...')
#51 {main}
"} 
[2021-10-14 11:19:16] local.ERROR: View [general.show_post] not found. {"exception":"[object] (InvalidArgumentException(code: 0): View [general.show_post] not found. at F:\\Program Files\\Xampp Server\\htdocs\\Php-Files\\DeepNeuralNets Blog\\Blog\\vendor\\laravel\\framework\\src\\Illuminate\\View\\FileViewFinder.php:137)
[stacktrace]
#0 F:\\Program Files\\Xampp Server\\htdocs\\Php-Files\\DeepNeuralNets Blog\\Blog\\vendor\\laravel\\framework\\src\\Illuminate\\View\\FileViewFinder.php(79): Illuminate\\View\\FileViewFinder->findInPaths('general.show_po...', Array)
#1 F:\\Program Files\\Xampp Server\\htdocs\\Php-Files\\DeepNeuralNets Blog\\Blog\\vendor\\laravel\\framework\\src\\Illuminate\\View\\Factory.php(138): Illuminate\\View\\FileViewFinder->find('general.show_po...')
#2 F:\\Program Files\\Xampp Server\\htdocs\\Php-Files\\DeepNeuralNets Blog\\Blog\\vendor\\laravel\\framework\\src\\Illuminate\\Foundation\\helpers.php(919): Illuminate\\View\\Factory->make('general.show_po...', Array, Array)
#3 F:\\Program Files\\Xampp Server\\htdocs\\Php-Files\\DeepNeuralNets Blog\\Blog\\app\\Http\\Controllers\\PostController.php(83): view('general/show_po...', Array)
#4 F:\\Program Files\\Xampp Server\\htdocs\\Php-Files\\DeepNeuralNets Blog\\Blog\\vendor\\laravel\\framework\\src\\Illuminate\\Routing\\Controller.php(54): App\\Http\\Controllers\\PostController->show(Object(App\\Models\\Post))
#5 F:\\Program Files\\Xampp Server\\htdocs\\Php-Files\\DeepNeuralNets Blog\\Blog\\vendor\\laravel\\framework\\src\\Illuminate\\Routing\\ControllerDispatcher.php(45): Illuminate\\Routing\\Controller->callAction('show', Array)
#6 F:\\Program Files\\Xampp Server\\htdocs\\Php-Files\\DeepNeuralNets Blog\\Blog\\vendor\\laravel\\framework\\src\\Illuminate\\Routing\\Route.php(254): Illuminate\\Routing\\ControllerDispatcher->dispatch(Object(Illuminate\\Routing\\Route), Object(App\\Http\\Controllers\\PostController), 'show')
#7 F:\\Program Files\\Xampp Server\\htdocs\\Php-Files\\DeepNeuralNets Blog\\Blog\\vendor\\laravel\\framework\\src\\Illuminate\\Routing\\Route.php(197): Illuminate\\Routing\\Route->runController()
#8 F:\\Program Files\\Xampp Server\\htdocs\\Php-Files\\DeepNeuralNets Blog\\Blog\\vendor\\laravel\\framework\\src\\Illuminate\\Routing\\Router.php(695): Illuminate\\Routing\\Route->run()
#9 F:\\Program Files\\Xampp Server\\htdocs\\Php-Files\\DeepNeuralNets Blog\\Blog\\vendor\\laravel\\framework\\src\\Illuminate\\Pipeline\\Pipeline.php(128): Illuminate\\Routing\\Router->Illuminate\\Routing\\{closure}(Object(Illuminate\\Http\\Request))
#10 F:\\Program Files\\Xampp Server\\htdocs\\Php-Files\\DeepNeuralNets Blog\\Blog\\vendor\\laravel\\framework\\src\\Illuminate\\Routing\\Middleware\\SubstituteBindings.php(50): Illuminate\\Pipeline\\Pipeline->Illuminate\\Pipeline\\{closure}(Object(Illuminate\\Http\\Request))
#11 F:\\Program Files\\Xampp Server\\htdocs\\Php-Files\\DeepNeuralNets Blog\\Blog\\vendor\\laravel\\framework\\src\\Illuminate\\Pipeline\\Pipeline.php(167): Illuminate\\Routing\\Middleware\\SubstituteBindings->handle(Object(Illuminate\\Http\\Request), Object(Closure))
#12 F:\\Program Files\\Xampp Server\\htdocs\\Php-Files\\DeepNeuralNets Blog\\Blog\\vendor\\laravel\\framework\\src\\Illuminate\\Foundation\\Http\\Middleware\\VerifyCsrfToken.php(78): Illuminate\\Pipeline\\Pipeline->Illuminate\\Pipeline\\{closure}(Object(Illuminate\\Http\\Request))
#13 F:\\Program Files\\Xampp Server\\htdocs\\Php-Files\\DeepNeuralNets Blog\\Blog\\vendor\\laravel\\framework\\src\\Illuminate\\Pipeline\\Pipeline.php(167): Illuminate\\Foundation\\Http\\Middleware\\VerifyCsrfToken->handle(Object(Illuminate\\Http\\Request), Object(Closure))
#14 F:\\Program Files\\Xampp Server\\htdocs\\Php-Files\\DeepNeuralNets Blog\\Blog\\vendor\\laravel\\framework\\src\\Illuminate\\View\\Middleware\\ShareErrorsFromSession.php(49): Illuminate\\Pipeline\\Pipeline->Illuminate\\Pipeline\\{closure}(Object(Illuminate\\Http\\Request))
#15 F:\\Program Files\\Xampp Server\\htdocs\\Php-Files\\DeepNeuralNets Blog\\Blog\\vendor\\laravel\\framework\\src\\Illuminate\\Pipeline\\Pipeline.php(167): Illuminate\\View\\Middleware\\ShareErrorsFromSession->handle(Object(Illuminate\\Http\\Request), Object(Closure))
#16 F:\\Program Files\\Xampp Server\\htdocs\\Php-Files\\DeepNeuralNets Blog\\Blog\\vendor\\laravel\\framework\\src\\Illuminate\\Session\\Middleware\\AuthenticateSession.php(39): Illuminate\\Pipeline\\Pipeline->Illuminate\\Pipeline\\{closure}(Object(Illuminate\\Http\\Request))
#17 F:\\Program Files\\Xampp Server\\htdocs\\Php-Files\\DeepNeuralNets Blog\\Blog\\vendor\\laravel\\framework\\src\\Illuminate\\Pipeline\\Pipeline.php(167): Illuminate\\Session\\Middleware\\AuthenticateSession->handle(Object(Illuminate\\Http\\Request), Object(Closure))
#18 F:\\Program Files\\Xampp Server\\htdocs\\Php-Files\\DeepNeuralNets Blog\\Blog\\vendor\\laravel\\framework\\src\\Illuminate\\Session\\Middleware\\StartSession.php(121): Illuminate\\Pipeline\\Pipeline->Illuminate\\Pipeline\\{closure}(Object(Illuminate\\Http\\Request))
#19 F:\\Program Files\\Xampp Server\\htdocs\\Php-Files\\DeepNeuralNets Blog\\Blog\\vendor\\laravel\\framework\\src\\Illuminate\\Session\\Middleware\\StartSession.php(64): Illuminate\\Session\\Middleware\\StartSession->handleStatefulRequest(Object(Illuminate\\Http\\Request), Object(Illuminate\\Session\\Store), Object(Closure))
#20 F:\\Program Files\\Xampp Server\\htdocs\\Php-Files\\DeepNeuralNets Blog\\Blog\\vendor\\laravel\\framework\\src\\Illuminate\\Pipeline\\Pipeline.php(167): Illuminate\\Session\\Middleware\\StartSession->handle(Object(Illuminate\\Http\\Request), Object(Closure))
#21 F:\\Program Files\\Xampp Server\\htdocs\\Php-Files\\DeepNeuralNets Blog\\Blog\\vendor\\laravel\\framework\\src\\Illuminate\\Cookie\\Middleware\\AddQueuedCookiesToResponse.php(37): Illuminate\\Pipeline\\Pipeline->Illuminate\\Pipeline\\{closure}(Object(Illuminate\\Http\\Request))
#22 F:\\Program Files\\Xampp Server\\htdocs\\Php-Files\\DeepNeuralNets Blog\\Blog\\vendor\\laravel\\framework\\src\\Illuminate\\Pipeline\\Pipeline.php(167): Illuminate\\Cookie\\Middleware\\AddQueuedCookiesToResponse->handle(Object(Illuminate\\Http\\Request), Object(Closure))
#23 F:\\Program Files\\Xampp Server\\htdocs\\Php-Files\\DeepNeuralNets Blog\\Blog\\vendor\\laravel\\framework\\src\\Illuminate\\Cookie\\Middleware\\EncryptCookies.php(67): Illuminate\\Pipeline\\Pipeline->Illuminate\\Pipeline\\{closure}(Object(Illuminate\\Http\\Request))
#24 F:\\Program Files\\Xampp Server\\htdocs\\Php-Files\\DeepNeuralNets Blog\\Blog\\vendor\\laravel\\framework\\src\\Illuminate\\Pipeline\\Pipeline.php(167): Illuminate\\Cookie\\Middleware\\EncryptCookies->handle(Object(Illuminate\\Http\\Request), Object(Closure))
#25 F:\\Program Files\\Xampp Server\\htdocs\\Php-Files\\DeepNeuralNets Blog\\Blog\\vendor\\laravel\\framework\\src\\Illuminate\\Pipeline\\Pipeline.php(103): Illuminate\\Pipeline\\Pipeline->Illuminate\\Pipeline\\{closure}(Object(Illuminate\\Http\\Request))
#26 F:\\Program Files\\Xampp Server\\htdocs\\Php-Files\\DeepNeuralNets Blog\\Blog\\vendor\\laravel\\framework\\src\\Illuminate\\Routing\\Router.php(697): Illuminate\\Pipeline\\Pipeline->then(Object(Closure))
#27 F:\\Program Files\\Xampp Server\\htdocs\\Php-Files\\DeepNeuralNets Blog\\Blog\\vendor\\laravel\\framework\\src\\Illuminate\\Routing\\Router.php(672): Illuminate\\Routing\\Router->runRouteWithinStack(Object(Illuminate\\Routing\\Route), Object(Illuminate\\Http\\Request))
#28 F:\\Program Files\\Xampp Server\\htdocs\\Php-Files\\DeepNeuralNets Blog\\Blog\\vendor\\laravel\\framework\\src\\Illuminate\\Routing\\Router.php(636): Illuminate\\Routing\\Router->runRoute(Object(Illuminate\\Http\\Request), Object(Illuminate\\Routing\\Route))
#29 F:\\Program Files\\Xampp Server\\htdocs\\Php-Files\\DeepNeuralNets Blog\\Blog\\vendor\\laravel\\framework\\src\\Illuminate\\Routing\\Router.php(625): Illuminate\\Routing\\Router->dispatchToRoute(Object(Illuminate\\Http\\Request))
#30 F:\\Program Files\\Xampp Server\\htdocs\\Php-Files\\DeepNeuralNets Blog\\Blog\\vendor\\laravel\\framework\\src\\Illuminate\\Foundation\\Http\\Kernel.php(166): Illuminate\\Routing\\Router->dispatch(Object(Illuminate\\Http\\Request))
#31 F:\\Program Files\\Xampp Server\\htdocs\\Php-Files\\DeepNeuralNets Blog\\Blog\\vendor\\laravel\\framework\\src\\Illuminate\\Pipeline\\Pipeline.php(128): Illuminate\\Foundation\\Http\\Kernel->Illuminate\\Foundation\\Http\\{closure}(Object(Illuminate\\Http\\Request))
#32 F:\\Program Files\\Xampp Server\\htdocs\\Php-Files\\DeepNeuralNets Blog\\Blog\\vendor\\laravel\\framework\\src\\Illuminate\\Foundation\\Http\\Middleware\\TransformsRequest.php(21): Illuminate\\Pipeline\\Pipeline->Illuminate\\Pipeline\\{closure}(Object(Illuminate\\Http\\Request))
#33 F:\\Program Files\\Xampp Server\\htdocs\\Php-Files\\DeepNeuralNets Blog\\Blog\\vendor\\laravel\\framework\\src\\Illuminate\\Foundation\\Http\\Middleware\\ConvertEmptyStringsToNull.php(31): Illuminate\\Foundation\\Http\\Middleware\\TransformsRequest->handle(Object(Illuminate\\Http\\Request), Object(Closure))
#34 F:\\Program Files\\Xampp Server\\htdocs\\Php-Files\\DeepNeuralNets Blog\\Blog\\vendor\\laravel\\framework\\src\\Illuminate\\Pipeline\\Pipeline.php(167): Illuminate\\Foundation\\Http\\Middleware\\ConvertEmptyStringsToNull->handle(Object(Illuminate\\Http\\Request), Object(Closure))
#35 F:\\Program Files\\Xampp Server\\htdocs\\Php-Files\\DeepNeuralNets Blog\\Blog\\vendor\\laravel\\framework\\src\\Illuminate\\Foundation\\Http\\Middleware\\TransformsRequest.php(21): Illuminate\\Pipeline\\Pipeline->Illuminate\\Pipeline\\{closure}(Object(Illuminate\\Http\\Request))
#36 F:\\Program Files\\Xampp Server\\htdocs\\Php-Files\\DeepNeuralNets Blog\\Blog\\vendor\\laravel\\framework\\src\\Illuminate\\Foundation\\Http\\Middleware\\TrimStrings.php(40): Illuminate\\Foundation\\Http\\Middleware\\TransformsRequest->handle(Object(Illuminate\\Http\\Request), Object(Closure))
#37 F:\\Program Files\\Xampp Server\\htdocs\\Php-Files\\DeepNeuralNets Blog\\Blog\\vendor\\laravel\\framework\\src\\Illuminate\\Pipeline\\Pipeline.php(167): Illuminate\\Foundation\\Http\\Middleware\\TrimStrings->handle(Object(Illuminate\\Http\\Request), Object(Closure))
#38 F:\\Program Files\\Xampp Server\\htdocs\\Php-Files\\DeepNeuralNets Blog\\Blog\\vendor\\laravel\\framework\\src\\Illuminate\\Foundation\\Http\\Middleware\\ValidatePostSize.php(27): Illuminate\\Pipeline\\Pipeline->Illuminate\\Pipeline\\{closure}(Object(Illuminate\\Http\\Request))
#39 F:\\Program Files\\Xampp Server\\htdocs\\Php-Files\\DeepNeuralNets Blog\\Blog\\vendor\\laravel\\framework\\src\\Illuminate\\Pipeline\\Pipeline.php(167): Illuminate\\Foundation\\Http\\Middleware\\ValidatePostSize->handle(Object(Illuminate\\Http\\Request), Object(Closure))
#40 F:\\Program Files\\Xampp Server\\htdocs\\Php-Files\\DeepNeuralNets Blog\\Blog\\vendor\\laravel\\framework\\src\\Illuminate\\Foundation\\Http\\Middleware\\PreventRequestsDuringMaintenance.php(86): Illuminate\\Pipeline\\Pipeline->Illuminate\\Pipeline\\{closure}(Object(Illuminate\\Http\\Request))
#41 F:\\Program Files\\Xampp Server\\htdocs\\Php-Files\\DeepNeuralNets Blog\\Blog\\vendor\\laravel\\framework\\src\\Illuminate\\Pipeline\\Pipeline.php(167): Illuminate\\Foundation\\Http\\Middleware\\PreventRequestsDuringMaintenance->handle(Object(Illuminate\\Http\\Request), Object(Closure))
#42 F:\\Program Files\\Xampp Server\\htdocs\\Php-Files\\DeepNeuralNets Blog\\Blog\\vendor\\fruitcake\\laravel-cors\\src\\HandleCors.php(38): Illuminate\\Pipeline\\Pipeline->Illuminate\\Pipeline\\{closure}(Object(Illuminate\\Http\\Request))
#43 F:\\Program Files\\Xampp Server\\htdocs\\Php-Files\\DeepNeuralNets Blog\\Blog\\vendor\\laravel\\framework\\src\\Illuminate\\Pipeline\\Pipeline.php(167): Fruitcake\\Cors\\HandleCors->handle(Object(Illuminate\\Http\\Request), Object(Closure))
#44 F:\\Program Files\\Xampp Server\\htdocs\\Php-Files\\DeepNeuralNets Blog\\Blog\\vendor\\fideloper\\proxy\\src\\TrustProxies.php(57): Illuminate\\Pipeline\\Pipeline->Illuminate\\Pipeline\\{closure}(Object(Illuminate\\Http\\Request))
#45 F:\\Program Files\\Xampp Server\\htdocs\\Php-Files\\DeepNeuralNets Blog\\Blog\\vendor\\laravel\\framework\\src\\Illuminate\\Pipeline\\Pipeline.php(167): Fideloper\\Proxy\\TrustProxies->handle(Object(Illuminate\\Http\\Request), Object(Closure))
#46 F:\\Program Files\\Xampp Server\\htdocs\\Php-Files\\DeepNeuralNets Blog\\Blog\\vendor\\laravel\\framework\\src\\Illuminate\\Pipeline\\Pipeline.php(103): Illuminate\\Pipeline\\Pipeline->Illuminate\\Pipeline\\{closure}(Object(Illuminate\\Http\\Request))
#47 F:\\Program Files\\Xampp Server\\htdocs\\Php-Files\\DeepNeuralNets Blog\\Blog\\vendor\\laravel\\framework\\src\\Illuminate\\Foundation\\Http\\Kernel.php(141): Illuminate\\Pipeline\\Pipeline->then(Object(Closure))
#48 F:\\Program Files\\Xampp Server\\htdocs\\Php-Files\\DeepNeuralNets Blog\\Blog\\vendor\\laravel\\framework\\src\\Illuminate\\Foundation\\Http\\Kernel.php(110): Illuminate\\Foundation\\Http\\Kernel->sendRequestThroughRouter(Object(Illuminate\\Http\\Request))
#49 F:\\Program Files\\Xampp Server\\htdocs\\Php-Files\\DeepNeuralNets Blog\\Blog\\public\\index.php(52): Illuminate\\Foundation\\Http\\Kernel->handle(Object(Illuminate\\Http\\Request))
#50 F:\\Program Files\\Xampp Server\\htdocs\\Php-Files\\DeepNeuralNets Blog\\Blog\\server.php(21): require_once('F:\\\\Program File...')
#51 {main}
"} 
